<?xml version="1.0" encoding="UTF-8"?>
<!-- Generated by org.testng.reporters.JUnitXMLReporter -->
<testsuite hostname="ML-J5P86S2" ignored="0" name="Test" tests="4" failures="0" timestamp="25 Oct 2020 19:03:11 GMT" time="0.045" errors="0">
  <testcase name="RestAssuredTest01" time="0.009" classname="MavenStructuredFramework.RestAssuredTest"/>
  <testcase name="RestAssuredTest02" time="0.0" classname="MavenStructuredFramework.RestAssuredTest"/>
  <testcase name="AppiumTest01" time="0.001" classname="MavenStructuredFramework.AppiumTest"/>
  <testcase name="AppiumTest02" time="0.0" classname="MavenStructuredFramework.AppiumTest"/>
</testsuite> <!-- Test -->
