<?xml version="1.0" encoding="UTF-8"?>
<testsuite xmlns:xsi="http://www.w3.org/2001/XMLSchema-instance" xsi:noNamespaceSchemaLocation="https://maven.apache.org/surefire/maven-surefire-plugin/xsd/surefire-test-report-3.0.xsd" version="3.0" name="TestSuite" time="0.924" tests="4" errors="0" skipped="0" failures="0">
  <properties>
[...]
</properties>
  <testcase name="RestAssuredTest01" classname="MavenStructuredFramework.RestAssuredTest" time="0.011">
    <system-out><![CDATA[RestAssuredTest01
]]></system-out>
  </testcase>
  <testcase name="RestAssuredTest02" classname="MavenStructuredFramework.RestAssuredTest" time="0.001">
    <system-out><![CDATA[RestAssuredTest02
]]></system-out>
  </testcase>
  <testcase name="AppiumTest01" classname="MavenStructuredFramework.AppiumTest" time="0.002">
    <system-out><![CDATA[AppiumTest01
Test New Results
]]></system-out>
  </testcase>
  <testcase name="AppiumTest02" classname="MavenStructuredFramework.AppiumTest" time="0.002">
    <system-out><![CDATA[AppiumTest02
]]></system-out>
  </testcase>
</testsuite>