<?xml version="1.0" encoding="UTF-8"?>
<testng-results skipped="0" failed="0" ignored="0" total="4" passed="4">
  <reporter-output>
  </reporter-output>
  <suite name="Suite" duration-ms="45" started-at="2020-10-25T19:03:11Z" finished-at="2020-10-25T19:03:11Z">
    <groups>
    </groups>
    <test name="Test" duration-ms="45" started-at="2020-10-25T19:03:11Z" finished-at="2020-10-25T19:03:11Z">
      <class name="MavenStructuredFramework.RestAssuredTest">
        <test-method status="PASS" signature="RestAssuredTest01()[pri:0, instance:MavenStructuredFramework.RestAssuredTest@153f5a29]" name="RestAssuredTest01" duration-ms="9" started-at="2020-10-25T19:03:11Z" finished-at="2020-10-25T19:03:11Z">
          <reporter-output>
          </reporter-output>
        </test-method> <!-- RestAssuredTest01 -->
        <test-method status="PASS" signature="RestAssuredTest02()[pri:0, instance:MavenStructuredFramework.RestAssuredTest@153f5a29]" name="RestAssuredTest02" duration-ms="0" started-at="2020-10-25T19:03:11Z" finished-at="2020-10-25T19:03:11Z">
          <reporter-output>
          </reporter-output>
        </test-method> <!-- RestAssuredTest02 -->
      </class> <!-- MavenStructuredFramework.RestAssuredTest -->
      <class name="MavenStructuredFramework.AppiumTest">
        <test-method status="PASS" signature="AppiumTest01()[pri:0, instance:MavenStructuredFramework.AppiumTest@7f560810]" name="AppiumTest01" duration-ms="1" started-at="2020-10-25T19:03:11Z" finished-at="2020-10-25T19:03:11Z">
          <reporter-output>
          </reporter-output>
        </test-method> <!-- AppiumTest01 -->
        <test-method status="PASS" signature="AppiumTest02()[pri:0, instance:MavenStructuredFramework.AppiumTest@7f560810]" name="AppiumTest02" duration-ms="0" started-at="2020-10-25T19:03:11Z" finished-at="2020-10-25T19:03:11Z">
          <reporter-output>
          </reporter-output>
        </test-method> <!-- AppiumTest02 -->
      </class> <!-- MavenStructuredFramework.AppiumTest -->
    </test> <!-- Test -->
  </suite> <!-- Suite -->
</testng-results>
